E:\PROJECT\1030\PIN-2.10-45467-MSVC10-IA32_INTEL64-WINDOWS\SOURCE\TOOLS\MYPINTOOL_MM\DEBUG\COMMON.OBJ
E:\PROJECT\1030\PIN-2.10-45467-MSVC10-IA32_INTEL64-WINDOWS\SOURCE\TOOLS\MYPINTOOL_MM\DEBUG\IMAGE.OBJ
E:\PROJECT\1030\PIN-2.10-45467-MSVC10-IA32_INTEL64-WINDOWS\SOURCE\TOOLS\MYPINTOOL_MM\DEBUG\MYPINTOOL.DLL
E:\project\1030\pin-2.10-45467-msvc10-ia32_intel64-windows\source\tools\MyPinTool_mm\Debug\MyPinTool.exp
E:\project\1030\pin-2.10-45467-msvc10-ia32_intel64-windows\source\tools\MyPinTool_mm\Debug\MyPinTool.lib
E:\PROJECT\1030\PIN-2.10-45467-MSVC10-IA32_INTEL64-WINDOWS\SOURCE\TOOLS\MYPINTOOL_MM\DEBUG\MYPINTOOL.OBJ
E:\PROJECT\1030\PIN-2.10-45467-MSVC10-IA32_INTEL64-WINDOWS\SOURCE\TOOLS\MYPINTOOL_MM\DEBUG\MYPINTOOL.PDB
E:\PROJECT\1030\PIN-2.10-45467-MSVC10-IA32_INTEL64-WINDOWS\SOURCE\TOOLS\MYPINTOOL_MM\DEBUG\QUEUE.OBJ
E:\PROJECT\1030\PIN-2.10-45467-MSVC10-IA32_INTEL64-WINDOWS\SOURCE\TOOLS\MYPINTOOL_MM\DEBUG\STACK.OBJ
E:\PROJECT\1030\PIN-2.10-45467-MSVC10-IA32_INTEL64-WINDOWS\SOURCE\TOOLS\MYPINTOOL_MM\DEBUG\THREAD.OBJ
E:\PROJECT\1030\PIN-2.10-45467-MSVC10-IA32_INTEL64-WINDOWS\SOURCE\TOOLS\MYPINTOOL_MM\DEBUG\VC100.PDB
E:\project\插桩源代码\pin-2.10-45467-msvc10-ia32_intel64-windows\source\tools\Dytool\DyPinTool\Debug\cl.command.1.tlog
E:\project\插桩源代码\pin-2.10-45467-msvc10-ia32_intel64-windows\source\tools\Dytool\DyPinTool\Debug\CL.read.1.tlog
E:\project\插桩源代码\pin-2.10-45467-msvc10-ia32_intel64-windows\source\tools\Dytool\DyPinTool\Debug\CL.write.1.tlog
E:\PROJECT\插桩源代码\PIN-2.10-45467-MSVC10-IA32_INTEL64-WINDOWS\SOURCE\TOOLS\DYTOOL\DYPINTOOL\DEBUG\COMMON.OBJ
E:\PROJECT\插桩源代码\PIN-2.10-45467-MSVC10-IA32_INTEL64-WINDOWS\SOURCE\TOOLS\DYTOOL\DYPINTOOL\DEBUG\IMAGE.OBJ
E:\project\插桩源代码\pin-2.10-45467-msvc10-ia32_intel64-windows\source\tools\Dytool\DyPinTool\Debug\link.command.1.tlog
E:\project\插桩源代码\pin-2.10-45467-msvc10-ia32_intel64-windows\source\tools\Dytool\DyPinTool\Debug\link.read.1.tlog
E:\project\插桩源代码\pin-2.10-45467-msvc10-ia32_intel64-windows\source\tools\Dytool\DyPinTool\Debug\link.write.1.tlog
E:\project\插桩源代码\pin-2.10-45467-msvc10-ia32_intel64-windows\source\tools\Dytool\DyPinTool\Debug\MyPinTool.exp
E:\project\插桩源代码\pin-2.10-45467-msvc10-ia32_intel64-windows\source\tools\Dytool\DyPinTool\Debug\MyPinTool.obj
E:\project\插桩源代码\pin-2.10-45467-msvc10-ia32_intel64-windows\source\tools\Dytool\DyPinTool\Debug\MyPinTool.pdb
E:\project\插桩源代码\pin-2.10-45467-msvc10-ia32_intel64-windows\source\tools\Dytool\DyPinTool\Debug\MyPinTool.vcxprojResolveAssemblyReference.cache
E:\project\插桩源代码\pin-2.10-45467-msvc10-ia32_intel64-windows\source\tools\Dytool\DyPinTool\Debug\MyPinTool.write.1.tlog
E:\PROJECT\插桩源代码\PIN-2.10-45467-MSVC10-IA32_INTEL64-WINDOWS\SOURCE\TOOLS\DYTOOL\DYPINTOOL\DEBUG\QUEUE.OBJ
E:\PROJECT\插桩源代码\PIN-2.10-45467-MSVC10-IA32_INTEL64-WINDOWS\SOURCE\TOOLS\DYTOOL\DYPINTOOL\DEBUG\STACK.OBJ
E:\PROJECT\插桩源代码\PIN-2.10-45467-MSVC10-IA32_INTEL64-WINDOWS\SOURCE\TOOLS\DYTOOL\DYPINTOOL\DEBUG\THREAD.OBJ
E:\project\插桩源代码\pin-2.10-45467-msvc10-ia32_intel64-windows\source\tools\Dytool\DyPinTool\Debug\vc100.pdb
